0 info it worked if it ends with ok
1 verbose cli [ 'node', '/usr/local/bin/npm', 'start' ]
2 info using npm@1.4.9
3 info using node@v0.10.28
4 verbose run-script [ 'prestart', 'start', 'poststart' ]
5 info prestart CharacterSheet@0.0.0
6 verbose unsafe-perm in lifecycle true
7 info CharacterSheet@0.0.0 Failed to exec prestart script
8 error CharacterSheet@0.0.0 prestart: `npm install`
8 error Exit status 1
9 error Failed at the CharacterSheet@0.0.0 prestart script.
9 error This is most likely a problem with the CharacterSheet package,
9 error not with npm itself.
9 error Tell the author that this fails on your system:
9 error     npm install
9 error You can get their info via:
9 error     npm owner ls CharacterSheet
9 error There is likely additional logging output above.
10 error System Darwin 13.1.0
11 error command "node" "/usr/local/bin/npm" "start"
12 error cwd /Volumes/Macintosh HD/Users/einstein/Documents/DevelopmentProjekte/node.js/CharacterSheet
13 error node -v v0.10.28
14 error npm -v 1.4.9
15 error code ELIFECYCLE
16 verbose exit [ 1, true ]
